{
  "RSpec": {
    "coverage": {
      "/home/wigorpaulo/project_git/pessoal/crud_api/spec/models/comment_spec.rb": {
        "lines": [
          1,
          null,
          1,
          1,
          null,
          1,
          2,
          2,
          2,
          2,
          null,
          null,
          1,
          2,
          null,
          null
        ]
      },
      "/home/wigorpaulo/project_git/pessoal/crud_api/spec/rails_helper.rb": {
        "lines": [
          null,
          1,
          1,
          1,
          null,
          1,
          1,
          1,
          null,
          null,
          null,
          null,
          null,
          null,
          null,
          null,
          null,
          null,
          null,
          null,
          null,
          null,
          null,
          null,
          null,
          null,
          null,
          null,
          1,
          null,
          0,
          null,
          null,
          1,
          1,
          1,
          1,
          null,
          null,
          null,
          1,
          null,
          1,
          null,
          1,
          null,
          null,
          null,
          null,
          1,
          null,
          null,
          null,
          null,
          null,
          null,
          null,
          null,
          null,
          null,
          null,
          null,
          null,
          null,
          null,
          null,
          null,
          1,
          null,
          null,
          1,
          null,
          null,
          null
        ]
      },
      "/home/wigorpaulo/project_git/pessoal/crud_api/config/environment.rb": {
        "lines": [
          null,
          1,
          null,
          null,
          1
        ]
      },
      "/home/wigorpaulo/project_git/pessoal/crud_api/config/application.rb": {
        "lines": [
          1,
          null,
          1,
          1,
          null,
          null,
          null,
          1,
          null,
          1,
          1,
          null,
          1,
          null,
          null,
          null,
          null,
          null,
          null,
          null,
          null,
          null,
          null,
          null,
          null,
          1,
          null,
          1,
          1,
          1,
          null,
          1,
          1,
          null,
          null,
          null
        ]
      },
      "/home/wigorpaulo/project_git/pessoal/crud_api/config/boot.rb": {
        "lines": [
          1,
          null,
          1,
          1
        ]
      },
      "/home/wigorpaulo/project_git/pessoal/crud_api/config/environments/test.rb": {
        "lines": [
          1,
          null,
          null,
          null,
          null,
          null,
          null,
          1,
          null,
          null,
          null,
          1,
          null,
          null,
          null,
          null,
          1,
          null,
          null,
          1,
          1,
          null,
          null,
          null,
          null,
          1,
          1,
          1,
          null,
          null,
          1,
          null,
          null,
          1,
          null,
          null,
          1,
          null,
          1,
          null,
          null,
          null,
          null,
          1,
          null,
          null,
          1,
          null,
          null,
          1,
          null,
          null,
          1,
          null,
          null,
          null,
          null,
          null,
          null,
          null
        ]
      },
      "/home/wigorpaulo/project_git/pessoal/crud_api/config/initializers/cors.rb": {
        "lines": [
          null,
          null,
          null,
          null,
          null,
          null,
          null,
          null,
          null,
          null,
          null,
          null,
          null,
          null,
          null,
          null
        ]
      },
      "/home/wigorpaulo/project_git/pessoal/crud_api/config/initializers/filter_parameter_logging.rb": {
        "lines": [
          null,
          null,
          null,
          null,
          null,
          1,
          null,
          null
        ]
      },
      "/home/wigorpaulo/project_git/pessoal/crud_api/config/initializers/inflections.rb": {
        "lines": [
          null,
          null,
          null,
          null,
          null,
          null,
          null,
          null,
          null,
          null,
          null,
          null,
          null,
          null,
          null,
          null
        ]
      },
      "/home/wigorpaulo/project_git/pessoal/crud_api/spec/factories/comments.rb": {
        "lines": [
          1,
          1,
          16,
          16,
          16,
          null,
          null
        ]
      },
      "/home/wigorpaulo/project_git/pessoal/crud_api/spec/factories/posts.rb": {
        "lines": [
          1,
          1,
          43,
          43,
          43,
          null,
          null
        ]
      },
      "/home/wigorpaulo/project_git/pessoal/crud_api/spec/factories/users.rb": {
        "lines": [
          1,
          1,
          115,
          115,
          115,
          null,
          null
        ]
      },
      "/home/wigorpaulo/project_git/pessoal/crud_api/config/routes.rb": {
        "lines": [
          1,
          1,
          1,
          1,
          1,
          null,
          null,
          null,
          null,
          null
        ]
      },
      "/home/wigorpaulo/project_git/pessoal/crud_api/app/models/comment.rb": {
        "lines": [
          1,
          1,
          null,
          1,
          null
        ]
      },
      "/home/wigorpaulo/project_git/pessoal/crud_api/app/models/application_record.rb": {
        "lines": [
          1,
          1,
          null
        ]
      },
      "/home/wigorpaulo/project_git/pessoal/crud_api/spec/models/post_spec.rb": {
        "lines": [
          1,
          null,
          1,
          1,
          null,
          1,
          2,
          2,
          2,
          2,
          null,
          null,
          1,
          2,
          null,
          null
        ]
      },
      "/home/wigorpaulo/project_git/pessoal/crud_api/app/models/post.rb": {
        "lines": [
          1,
          1,
          null,
          1,
          null
        ]
      },
      "/home/wigorpaulo/project_git/pessoal/crud_api/spec/models/user_spec.rb": {
        "lines": [
          1,
          null,
          1,
          1,
          null,
          1,
          2,
          2,
          2,
          null,
          null
        ]
      },
      "/home/wigorpaulo/project_git/pessoal/crud_api/app/models/user.rb": {
        "lines": [
          1,
          1,
          null
        ]
      },
      "/home/wigorpaulo/project_git/pessoal/crud_api/spec/requests/comments_spec.rb": {
        "lines": [
          1,
          null,
          1,
          14,
          null,
          1,
          1,
          1,
          1,
          null,
          null,
          1,
          1,
          null,
          null,
          null,
          null,
          1,
          1,
          1,
          1,
          null,
          null,
          1,
          1,
          null,
          null,
          null,
          1,
          1,
          2,
          null,
          null,
          1,
          1,
          null,
          null,
          1,
          1,
          1,
          null,
          null,
          null,
          null,
          1,
          1,
          1,
          2,
          null,
          null,
          1,
          1,
          null,
          null,
          1,
          1,
          null,
          null,
          null,
          1,
          1,
          2,
          null,
          null,
          1,
          1,
          null,
          null,
          1,
          1,
          null,
          null,
          null,
          null,
          1,
          1,
          1,
          2,
          null,
          null,
          1,
          1,
          null,
          null,
          1,
          1,
          null,
          null,
          null,
          1,
          1,
          2,
          null,
          null,
          1,
          1,
          null,
          null,
          1,
          1,
          null,
          null,
          null,
          null,
          1,
          1,
          1,
          1,
          null,
          null,
          1,
          1,
          null,
          null,
          null,
          null
        ]
      },
      "/home/wigorpaulo/project_git/pessoal/crud_api/spec/requests/posts_spec.rb": {
        "lines": [
          1,
          null,
          1,
          30,
          30,
          null,
          30,
          null,
          1,
          1,
          1,
          1,
          null,
          null,
          1,
          1,
          null,
          null,
          null,
          null,
          1,
          4,
          null,
          1,
          1,
          1,
          null,
          null,
          1,
          1,
          null,
          null,
          null,
          1,
          1,
          2,
          null,
          null,
          1,
          1,
          null,
          null,
          1,
          1,
          1,
          null,
          null,
          null,
          null,
          1,
          1,
          1,
          1,
          null,
          null,
          1,
          1,
          null,
          null,
          null,
          1,
          1,
          1,
          null,
          null,
          1,
          1,
          null,
          null,
          null,
          1,
          1,
          2,
          null,
          null,
          1,
          1,
          null,
          null,
          1,
          1,
          1,
          null,
          null,
          null,
          1,
          1,
          2,
          null,
          null,
          1,
          1,
          null,
          null,
          1,
          1,
          1,
          null,
          null,
          null,
          1,
          1,
          2,
          2,
          null,
          null,
          1,
          1,
          null,
          null,
          1,
          1,
          1,
          null,
          null,
          null,
          null,
          1,
          11,
          null,
          1,
          1,
          2,
          null,
          null,
          1,
          1,
          null,
          null,
          1,
          1,
          null,
          null,
          null,
          1,
          1,
          2,
          null,
          null,
          1,
          1,
          null,
          null,
          1,
          1,
          null,
          null,
          null,
          1,
          1,
          2,
          null,
          null,
          1,
          1,
          null,
          null,
          1,
          1,
          1,
          null,
          null,
          null,
          1,
          1,
          2,
          null,
          null,
          1,
          1,
          null,
          null,
          1,
          1,
          1,
          null,
          null,
          null,
          1,
          1,
          2,
          2,
          null,
          null,
          1,
          1,
          null,
          null,
          1,
          1,
          1,
          null,
          null,
          null,
          null,
          1,
          8,
          null,
          1,
          1,
          1,
          null,
          null,
          1,
          1,
          null,
          null,
          null,
          1,
          1,
          2,
          null,
          null,
          1,
          1,
          null,
          null,
          1,
          1,
          1,
          null,
          null,
          null,
          1,
          1,
          2,
          null,
          null,
          1,
          1,
          null,
          null,
          1,
          1,
          1,
          null,
          null,
          null,
          1,
          1,
          2,
          2,
          null,
          null,
          1,
          1,
          null,
          null,
          1,
          1,
          1,
          null,
          null,
          null,
          null
        ]
      },
      "/home/wigorpaulo/project_git/pessoal/crud_api/spec/requests/users_spec.rb": {
        "lines": [
          1,
          null,
          1,
          18,
          37,
          null,
          37,
          null,
          1,
          1,
          1,
          1,
          null,
          null,
          1,
          1,
          null,
          null,
          null,
          null,
          1,
          1,
          2,
          null,
          1,
          1,
          null,
          null,
          1,
          1,
          null,
          null,
          null,
          1,
          1,
          2,
          null,
          null,
          1,
          1,
          null,
          null,
          1,
          1,
          1,
          null,
          null,
          null,
          null,
          1,
          1,
          1,
          1,
          null,
          null,
          1,
          1,
          null,
          null,
          null,
          1,
          1,
          1,
          null,
          null,
          1,
          1,
          null,
          null,
          null,
          1,
          1,
          2,
          null,
          null,
          1,
          1,
          null,
          null,
          1,
          1,
          1,
          null,
          null,
          null,
          1,
          1,
          2,
          null,
          null,
          1,
          1,
          null,
          null,
          1,
          1,
          1,
          null,
          null,
          null,
          1,
          1,
          2,
          2,
          null,
          null,
          1,
          1,
          null,
          null,
          1,
          1,
          1,
          null,
          null,
          null,
          null,
          1,
          11,
          null,
          1,
          1,
          2,
          null,
          null,
          1,
          1,
          null,
          null,
          1,
          1,
          null,
          null,
          null,
          1,
          1,
          2,
          null,
          null,
          1,
          1,
          null,
          null,
          1,
          1,
          null,
          null,
          null,
          1,
          1,
          2,
          null,
          null,
          1,
          1,
          null,
          null,
          1,
          1,
          1,
          null,
          null,
          null,
          1,
          1,
          2,
          null,
          null,
          1,
          1,
          null,
          null,
          1,
          1,
          1,
          null,
          null,
          null,
          1,
          1,
          2,
          2,
          null,
          null,
          null,
          1,
          1,
          null,
          null,
          1,
          1,
          1,
          null,
          null,
          null,
          null,
          1,
          1,
          2,
          null,
          1,
          1,
          null,
          null,
          1,
          1,
          null,
          null,
          null,
          1,
          1,
          2,
          null,
          null,
          1,
          1,
          null,
          null,
          1,
          1,
          1,
          null,
          null,
          null,
          1,
          1,
          2,
          null,
          null,
          1,
          1,
          null,
          null,
          1,
          1,
          1,
          null,
          null,
          null,
          1,
          1,
          2,
          2,
          null,
          null,
          1,
          1,
          null,
          null,
          1,
          1,
          1,
          null,
          null,
          null,
          null,
          1,
          8,
          null,
          1,
          1,
          1,
          null,
          null,
          1,
          1,
          null,
          null,
          null,
          1,
          1,
          2,
          null,
          null,
          1,
          1,
          null,
          null,
          1,
          1,
          1,
          null,
          null,
          null,
          1,
          1,
          2,
          null,
          null,
          1,
          1,
          null,
          null,
          1,
          1,
          1,
          null,
          null,
          null,
          1,
          1,
          2,
          null,
          null,
          1,
          1,
          null,
          null,
          1,
          1,
          1,
          null,
          null,
          null,
          null
        ]
      },
      "/home/wigorpaulo/project_git/pessoal/crud_api/spec/routing/comments_routing_spec.rb": {
        "lines": [
          1,
          null,
          1,
          1,
          1,
          1,
          null,
          null,
          1,
          1,
          null,
          null,
          1,
          1,
          null,
          null,
          1,
          1,
          null,
          null,
          1,
          1,
          null,
          null,
          1,
          1,
          null,
          null,
          null
        ]
      },
      "/home/wigorpaulo/project_git/pessoal/crud_api/app/controllers/comments_controller.rb": {
        "lines": [
          1,
          1,
          1,
          null,
          null,
          1,
          1,
          null,
          1,
          null,
          null,
          null,
          1,
          1,
          null,
          null,
          null,
          1,
          4,
          null,
          4,
          2,
          null,
          2,
          null,
          null,
          null,
          null,
          1,
          4,
          2,
          null,
          2,
          null,
          null,
          null,
          null,
          1,
          1,
          1,
          null,
          null,
          1,
          null,
          null,
          1,
          6,
          null,
          0,
          null,
          null,
          null,
          null,
          null,
          null,
          1,
          8,
          null,
          null
        ]
      },
      "/home/wigorpaulo/project_git/pessoal/crud_api/app/controllers/application_controller.rb": {
        "lines": [
          1,
          1,
          1,
          null,
          1,
          null,
          1,
          50,
          null,
          50,
          null,
          38,
          12,
          null,
          null,
          26,
          14,
          null,
          14,
          12,
          12,
          12,
          null,
          null,
          12,
          null,
          null,
          null,
          1,
          null,
          1,
          24,
          null,
          6,
          null,
          null
        ]
      },
      "/home/wigorpaulo/project_git/pessoal/crud_api/spec/routing/posts_routing_spec.rb": {
        "lines": [
          1,
          null,
          1,
          1,
          1,
          1,
          null,
          null,
          1,
          1,
          null,
          null,
          1,
          1,
          null,
          null,
          1,
          1,
          null,
          null,
          1,
          1,
          null,
          null,
          1,
          1,
          null,
          null,
          null
        ]
      },
      "/home/wigorpaulo/project_git/pessoal/crud_api/app/controllers/posts_controller.rb": {
        "lines": [
          1,
          1,
          1,
          null,
          null,
          1,
          1,
          null,
          1,
          null,
          null,
          null,
          1,
          1,
          null,
          null,
          null,
          1,
          2,
          2,
          null,
          2,
          1,
          null,
          1,
          null,
          null,
          null,
          null,
          1,
          4,
          2,
          null,
          2,
          null,
          null,
          null,
          null,
          1,
          1,
          1,
          null,
          null,
          1,
          null,
          null,
          1,
          6,
          null,
          0,
          null,
          null,
          null,
          null,
          null,
          null,
          1,
          6,
          null,
          null
        ]
      },
      "/home/wigorpaulo/project_git/pessoal/crud_api/spec/routing/users_routing_spec.rb": {
        "lines": [
          1,
          null,
          1,
          1,
          1,
          1,
          null,
          null,
          1,
          1,
          null,
          null,
          null
        ]
      },
      "/home/wigorpaulo/project_git/pessoal/crud_api/app/controllers/users_controller.rb": {
        "lines": [
          1,
          1,
          1,
          1,
          null,
          null,
          1,
          1,
          null,
          1,
          null,
          null,
          null,
          1,
          1,
          null,
          null,
          null,
          1,
          2,
          null,
          2,
          1,
          null,
          1,
          null,
          null,
          null,
          null,
          1,
          4,
          2,
          null,
          2,
          null,
          null,
          null,
          null,
          1,
          1,
          1,
          null,
          null,
          1,
          3,
          null,
          3,
          2,
          null,
          null,
          null,
          1,
          null,
          null,
          null,
          1,
          null,
          1,
          6,
          null,
          0,
          null,
          null,
          null,
          null,
          null,
          1,
          6,
          null,
          null,
          1,
          1,
          null,
          null,
          1,
          7,
          2,
          null,
          null,
          5,
          null,
          2,
          null,
          null
        ]
      },
      "/home/wigorpaulo/project_git/pessoal/crud_api/app/serializers/comment_serializer.rb": {
        "lines": [
          1,
          1,
          null,
          1,
          7,
          null,
          null
        ]
      },
      "/home/wigorpaulo/project_git/pessoal/crud_api/app/serializers/post_serializer.rb": {
        "lines": [
          1,
          1,
          null,
          1,
          null,
          1,
          12,
          null,
          null
        ]
      },
      "/home/wigorpaulo/project_git/pessoal/crud_api/app/serializers/user_serializer.rb": {
        "lines": [
          1,
          1,
          null
        ]
      }
    },
    "timestamp": 1713988400
  }
}
